<?xml version="1.1" encoding="UTF-8"?>
<testsuite name="com.fourfinance.qa.BubbleSortTest" tests="7" failures="0" errors="0" timestamp="2016-11-29T23:21:57" hostname="Iryna" time="0.009">
  <properties/>
  <testcase name="testEmptyArray" classname="com.fourfinance.qa.BubbleSortTest" time="0.004"/>
  <testcase name="testNegatValues" classname="com.fourfinance.qa.BubbleSortTest" time="0.0"/>
  <testcase name="testMaxValues" classname="com.fourfinance.qa.BubbleSortTest" time="0.0"/>
  <testcase name="testDuplicateValues" classname="com.fourfinance.qa.BubbleSortTest" time="0.0"/>
  <testcase name="testMixValues" classname="com.fourfinance.qa.BubbleSortTest" time="0.0"/>
  <testcase name="testEqualValues" classname="com.fourfinance.qa.BubbleSortTest" time="0.0"/>
  <testcase name="testDescValues" classname="com.fourfinance.qa.BubbleSortTest" time="0.0"/>
  <system-out><![CDATA[]]></system-out>
  <system-err><![CDATA[]]></system-err>
</testsuite>
